{"type":"server-started","port":61101,"host":"127.0.0.1","url_host":"localhost","url":"http://localhost:61101","screen_dir":"/Users/chrisrine/Desktop/Projects/bookingcrm/.superpowers/brainstorm/14792-1776266412/content","state_dir":"/Users/chrisrine/Desktop/Projects/bookingcrm/.superpowers/brainstorm/14792-1776266412/state"}
{"type":"screen-added","file":"/Users/chrisrine/Desktop/Projects/bookingcrm/.superpowers/brainstorm/14792-1776266412/content/phase2-priority.html"}
{"type":"screen-updated","file":"/Users/chrisrine/Desktop/Projects/bookingcrm/.superpowers/brainstorm/14792-1776266412/content/phase2-priority.html"}
{"type":"screen-updated","file":"/Users/chrisrine/Desktop/Projects/bookingcrm/.superpowers/brainstorm/14792-1776266412/content/phase2-priority.html"}
{"source":"user-event","type":"click","text":"A\n    \n      Group Admin UI\n      Manage multiple clinic/salon branches under one account. Policy enforcement, shared staff, cross-location reporting.","choice":"a","id":null,"timestamp":1776266509939}
{"source":"user-event","type":"click","text":"A\n    \n      Group Admin UI\n      Manage multiple clinic/salon branches under one account. Policy enforcement, shared staff, cross-location reporting.","choice":"a","id":null,"timestamp":1776266513209}
{"source":"user-event","type":"click","text":"B\n    \n      Promotions & Credits\n      Discount codes, gift credits, first-visit promos. Drive repeat bookings and new client acquisition.","choice":"b","id":null,"timestamp":1776266516163}
{"source":"user-event","type":"click","text":"A\n    \n      Group Admin UI\n      Manage multiple clinic/salon branches under one account. Policy enforcement, shared staff, cross-location reporting.","choice":"a","id":null,"timestamp":1776266516792}
{"source":"user-event","type":"click","text":"A\n    \n      Group Admin UI\n      Manage multiple clinic/salon branches under one account. Policy enforcement, shared staff, cross-location reporting.","choice":"a","id":null,"timestamp":1776266525740}
{"source":"user-event","type":"click","text":"A\n    \n      Group Admin UI\n      Manage multiple clinic/salon branches under one account. Policy enforcement, shared staff, cross-location reporting.","choice":"a","id":null,"timestamp":1776266529755}
{"source":"user-event","type":"click","text":"A\n    \n      Group Admin UI\n      Manage multiple clinic/salon branches under one account. Policy enforcement, shared staff, cross-location reporting.","choice":"a","id":null,"timestamp":1776266529933}
{"source":"user-event","type":"click","text":"A\n    \n      Group Admin UI\n      Manage multiple clinic/salon branches under one account. Policy enforcement, shared staff, cross-location reporting.","choice":"a","id":null,"timestamp":1776266531118}
{"source":"user-event","type":"click","text":"A\n    \n      Group Admin UI\n      Manage multiple clinic/salon branches under one account. Policy enforcement, shared staff, cross-location reporting.","choice":"a","id":null,"timestamp":1776266536456}
{"source":"user-event","type":"click","text":"A\n    \n      Group Admin UI\n      Manage multiple clinic/salon branches under one account. Policy enforcement, shared staff, cross-location reporting.","choice":"a","id":null,"timestamp":1776266538768}
{"source":"user-event","type":"click","text":"E\n    \n      Subscription Tier UI\n      Upgrade/downgrade plan, usage meters, billing history. Required before charging real money.","choice":"e","id":null,"timestamp":1776266541256}
{"source":"user-event","type":"click","text":"A\n    \n      Group Admin UI\n      Manage multiple clinic/salon branches under one account. Policy enforcement, shared staff, cross-location reporting.","choice":"a","id":null,"timestamp":1776266542277}
{"type":"screen-added","file":"/Users/chrisrine/Desktop/Projects/bookingcrm/.superpowers/brainstorm/14792-1776266412/content/waiting-1.html"}
{"type":"screen-updated","file":"/Users/chrisrine/Desktop/Projects/bookingcrm/.superpowers/brainstorm/14792-1776266412/content/waiting-1.html"}
{"type":"screen-updated","file":"/Users/chrisrine/Desktop/Projects/bookingcrm/.superpowers/brainstorm/14792-1776266412/content/waiting-1.html"}
{"type":"screen-added","file":"/Users/chrisrine/Desktop/Projects/bookingcrm/.superpowers/brainstorm/14792-1776266412/content/group-dashboard-layout.html"}
{"type":"screen-updated","file":"/Users/chrisrine/Desktop/Projects/bookingcrm/.superpowers/brainstorm/14792-1776266412/content/group-dashboard-layout.html"}
{"type":"screen-updated","file":"/Users/chrisrine/Desktop/Projects/bookingcrm/.superpowers/brainstorm/14792-1776266412/content/group-dashboard-layout.html"}
{"source":"user-event","type":"click","text":"A — Stats First\n    \n      \n        \n          $48,200\n          Revenue MTD\n        \n        \n          342\n          Bookings MTD\n        \n        \n          1,204\n          Active Clients\n        \n      \n      \n        Revenue by Branch\n        \n          Orchard\n          \n            \n          \n          $21,400\n        \n        \n          Bugis\n          \n            \n          \n          $15,800\n        \n        \n          Tampines\n          \n            \n          \n          $11,000\n        \n      \n      \n        \n          Ops Health\n          ● Orchard — 89% full\n          ● Bugis — 62% full\n          ● Tampines — 41% full\n        \n        \n          Top Clients\n          Sarah T. — $3,200\n          James L. — $2,800\n          Mei Lin — $1,950","choice":"a","id":null,"timestamp":1776267156190}
{"source":"user-event","type":"click","text":"A — Stats First\n    \n      \n        \n          $48,200\n          Revenue MTD\n        \n        \n          342\n          Bookings MTD\n        \n        \n          1,204\n          Active Clients\n        \n      \n      \n        Revenue by Branch\n        \n          Orchard\n          \n            \n          \n          $21,400\n        \n        \n          Bugis\n          \n            \n          \n          $15,800\n        \n        \n          Tampines\n          \n            \n          \n          $11,000\n        \n      \n      \n        \n          Ops Health\n          ● Orchard — 89% full\n          ● Bugis — 62% full\n          ● Tampines — 41% full\n        \n        \n          Top Clients\n          Sarah T. — $3,200\n          James L. — $2,800\n          Mei Lin — $1,950","choice":"a","id":null,"timestamp":1776267156275}
{"type":"screen-added","file":"/Users/chrisrine/Desktop/Projects/bookingcrm/.superpowers/brainstorm/14792-1776266412/content/waiting-2.html"}
{"type":"screen-updated","file":"/Users/chrisrine/Desktop/Projects/bookingcrm/.superpowers/brainstorm/14792-1776266412/content/waiting-2.html"}
{"type":"screen-updated","file":"/Users/chrisrine/Desktop/Projects/bookingcrm/.superpowers/brainstorm/14792-1776266412/content/waiting-2.html"}
{"type":"server-stopped","reason":"idle timeout"}
